This is pdfTeX, Version 3.141592653-2.6-1.40.22 (TeX Live 2022/dev/Debian) (preloaded format=pdflatex 2022.9.16)  7 JAN 2023 16:28
entering extended mode
 restricted \write18 enabled.
 %&-line parsing enabled.
**../includes/libft.h
(../includes/libft.h
LaTeX2e <2021-11-15> patch level 1
L3 programming layer <2022-01-21>
! You can't use `macro parameter character #' in vertical mode.
l.1 #
     ifndef __LIBFT_H__
? 
! Emergency stop.
l.1 #
     ifndef __LIBFT_H__
End of file on the terminal!

 
Here is how much of TeX's memory you used:
 18 strings out of 480171
 422 string characters out of 5894489
 284206 words of memory out of 5000000
 18069 multiletter control sequences out of 15000+600000
 469259 words of font info for 28 fonts, out of 8000000 for 9000
 59 hyphenation exceptions out of 8191
 13i,0n,12p,70b,10s stack positions out of 5000i,500n,10000p,200000b,80000s
!  ==> Fatal error occurred, no output PDF file produced!
